<?xml version="1.0" encoding="UTF-8"?>
<!-- Generated by org.testng.reporters.JUnitXMLReporter -->
<testsuite ignored="3" hostname="DESKTOP-J7R5I0L" failures="0" tests="1" name="Default test" time="57.859" errors="0" timestamp="2025-09-22T22:11:53 EET">
  <testcase classname="Automation.Mytestcases" name="addtocart" time="54.793"/>
  <testcase classname="Automation.Mytestcases" name="signuptest" time="0.0">
    <ignored/>
  </testcase> <!-- signuptest -->
  <testcase classname="Automation.Mytestcases" name="logout" time="0.0">
    <ignored/>
  </testcase> <!-- logout -->
  <testcase classname="Automation.Mytestcases" name="login" time="0.0">
    <ignored/>
  </testcase> <!-- login -->
</testsuite> <!-- Default test -->
