<?xml version="1.0" encoding="UTF-8"?>
<!-- Generated by org.testng.reporters.JUnitXMLReporter -->
<testsuite ignored="0" hostname="DESKTOP-J7R5I0L" failures="0" tests="4" name="Default test" time="18.895" errors="0" timestamp="2025-09-22T15:47:30 EET">
  <testcase classname="Automation.Mytestcases" name="signuptest" time="9.161"/>
  <testcase classname="Automation.Mytestcases" name="logout" time="1.317"/>
  <testcase classname="Automation.Mytestcases" name="login" time="1.291"/>
  <testcase classname="Automation.Mytestcases" name="addtocart" time="4.312"/>
</testsuite> <!-- Default test -->
