<?xml version="1.0" encoding="UTF-8"?>
<testng-results ignored="3" total="4" passed="1" failed="0" skipped="0">
  <reporter-output>
  </reporter-output>
  <suite started-at="2025-09-22T22:10:55 EET" name="Default suite" finished-at="2025-09-22T22:11:53 EET" duration-ms="57859">
    <groups>
    </groups>
    <test started-at="2025-09-22T22:10:55 EET" name="Default test" finished-at="2025-09-22T22:11:53 EET" duration-ms="57859">
      <class name="Automation.Mytestcases">
        <test-method is-config="true" signature="mysetup()[pri:0, instance:Automation.Mytestcases@7e5d9a50]" started-at="2025-09-22T22:10:55 EET" name="mysetup" finished-at="2025-09-22T22:10:58 EET" duration-ms="3019" status="PASS">
          <reporter-output>
          </reporter-output>
        </test-method> <!-- mysetup -->
        <test-method signature="addtocart()[pri:4, instance:Automation.Mytestcases@7e5d9a50]" started-at="2025-09-22T22:10:58 EET" name="addtocart" finished-at="2025-09-22T22:11:53 EET" duration-ms="54793" status="PASS">
          <reporter-output>
          </reporter-output>
        </test-method> <!-- addtocart -->
      </class> <!-- Automation.Mytestcases -->
    </test> <!-- Default test -->
  </suite> <!-- Default suite -->
</testng-results>
