<?xml version="1.0" encoding="UTF-8"?>
<testng-results ignored="0" total="4" passed="4" failed="0" skipped="0">
  <reporter-output>
  </reporter-output>
  <suite started-at="2025-09-22T15:47:11 EET" name="Default suite" finished-at="2025-09-22T15:47:30 EET" duration-ms="18895">
    <groups>
    </groups>
    <test started-at="2025-09-22T15:47:11 EET" name="Default test" finished-at="2025-09-22T15:47:30 EET" duration-ms="18895">
      <class name="Automation.Mytestcases">
        <test-method is-config="true" signature="mysetup()[pri:0, instance:Automation.Mytestcases@60957c0f]" started-at="2025-09-22T15:47:11 EET" name="mysetup" finished-at="2025-09-22T15:47:14 EET" duration-ms="2756" status="PASS">
          <reporter-output>
          </reporter-output>
        </test-method> <!-- mysetup -->
        <test-method signature="signuptest()[pri:1, instance:Automation.Mytestcases@60957c0f]" started-at="2025-09-22T15:47:14 EET" name="signuptest" finished-at="2025-09-22T15:47:23 EET" duration-ms="9161" status="PASS">
          <reporter-output>
          </reporter-output>
        </test-method> <!-- signuptest -->
        <test-method signature="logout()[pri:2, instance:Automation.Mytestcases@60957c0f]" started-at="2025-09-22T15:47:23 EET" name="logout" finished-at="2025-09-22T15:47:24 EET" duration-ms="1317" status="PASS">
          <reporter-output>
          </reporter-output>
        </test-method> <!-- logout -->
        <test-method signature="login()[pri:3, instance:Automation.Mytestcases@60957c0f]" started-at="2025-09-22T15:47:24 EET" name="login" finished-at="2025-09-22T15:47:26 EET" duration-ms="1291" status="PASS">
          <reporter-output>
          </reporter-output>
        </test-method> <!-- login -->
        <test-method signature="addtocart()[pri:4, instance:Automation.Mytestcases@60957c0f]" started-at="2025-09-22T15:47:26 EET" name="addtocart" finished-at="2025-09-22T15:47:30 EET" duration-ms="4312" status="PASS">
          <reporter-output>
          </reporter-output>
        </test-method> <!-- addtocart -->
      </class> <!-- Automation.Mytestcases -->
    </test> <!-- Default test -->
  </suite> <!-- Default suite -->
</testng-results>
